  ProjecTask.cpp
D:\Учеба\5 сем\СП\Lab3\ProjecTask\ProjecTask.cpp(15,1): warning C4005: IDM_CLEAR: изменение макроопределения
D:\Учеба\5 сем\СП\Lab3\ProjecTask\resource.h(14): message : см. предыдущее определение "IDM_CLEAR"
D:\Учеба\5 сем\СП\Lab3\ProjecTask\ProjecTask.cpp(264,84): warning C4244: аргумент: преобразование "float" в "int", возможна потеря данных
D:\Учеба\5 сем\СП\Lab3\ProjecTask\ProjecTask.cpp(264,57): warning C4244: аргумент: преобразование "float" в "int", возможна потеря данных
D:\Учеба\5 сем\СП\Lab3\ProjecTask\ProjecTask.cpp(264,35): warning C4244: аргумент: преобразование "float" в "int", возможна потеря данных
D:\Учеба\5 сем\СП\Lab3\ProjecTask\ProjecTask.cpp(264,25): warning C4244: аргумент: преобразование "float" в "int", возможна потеря данных
D:\Учеба\5 сем\СП\Lab3\ProjecTask\ProjecTask.cpp(265,18): warning C4244: инициализация: преобразование "float" в "int", возможна потеря данных
D:\Учеба\5 сем\СП\Lab3\ProjecTask\ProjecTask.cpp(266,18): warning C4244: инициализация: преобразование "float" в "int", возможна потеря данных
D:\Учеба\5 сем\СП\Lab3\ProjecTask\ProjecTask.cpp(267,49): warning C4244: аргумент: преобразование "float" в "int", возможна потеря данных
D:\Учеба\5 сем\СП\Lab3\ProjecTask\ProjecTask.cpp(267,28): warning C4244: аргумент: преобразование "float" в "int", возможна потеря данных
D:\Учеба\5 сем\СП\Lab3\ProjecTask\ProjecTask.cpp(268,49): warning C4244: аргумент: преобразование "float" в "int", возможна потеря данных
D:\Учеба\5 сем\СП\Lab3\ProjecTask\ProjecTask.cpp(268,28): warning C4244: аргумент: преобразование "float" в "int", возможна потеря данных
D:\Учеба\5 сем\СП\Lab3\ProjecTask\ProjecTask.cpp(285,59): warning C4244: аргумент: преобразование "float" в "int", возможна потеря данных
D:\Учеба\5 сем\СП\Lab3\ProjecTask\ProjecTask.cpp(285,42): warning C4244: аргумент: преобразование "float" в "int", возможна потеря данных
D:\Учеба\5 сем\СП\Lab3\ProjecTask\ProjecTask.cpp(285,32): warning C4244: аргумент: преобразование "float" в "int", возможна потеря данных
D:\Учеба\5 сем\СП\Lab3\ProjecTask\ProjecTask.cpp(285,25): warning C4244: аргумент: преобразование "float" в "int", возможна потеря данных
D:\Учеба\5 сем\СП\Lab3\ProjecTask\ProjecTask.cpp(290,31): warning C4838: Преобразование из "float" в "LONG" требует сужающего преобразования.
D:\Учеба\5 сем\СП\Lab3\ProjecTask\ProjecTask.cpp(290,31): warning C4244: инициализация: преобразование "float" в "LONG", возможна потеря данных
D:\Учеба\5 сем\СП\Lab3\ProjecTask\ProjecTask.cpp(290,57): warning C4838: Преобразование из "float" в "LONG" требует сужающего преобразования.
D:\Учеба\5 сем\СП\Lab3\ProjecTask\ProjecTask.cpp(290,57): warning C4244: инициализация: преобразование "float" в "LONG", возможна потеря данных
D:\Учеба\5 сем\СП\Lab3\ProjecTask\ProjecTask.cpp(291,31): warning C4838: Преобразование из "float" в "LONG" требует сужающего преобразования.
D:\Учеба\5 сем\СП\Lab3\ProjecTask\ProjecTask.cpp(291,31): warning C4244: инициализация: преобразование "float" в "LONG", возможна потеря данных
D:\Учеба\5 сем\СП\Lab3\ProjecTask\ProjecTask.cpp(291,57): warning C4838: Преобразование из "float" в "LONG" требует сужающего преобразования.
D:\Учеба\5 сем\СП\Lab3\ProjecTask\ProjecTask.cpp(291,57): warning C4244: инициализация: преобразование "float" в "LONG", возможна потеря данных
D:\Учеба\5 сем\СП\Lab3\ProjecTask\ProjecTask.cpp(292,31): warning C4838: Преобразование из "float" в "LONG" требует сужающего преобразования.
D:\Учеба\5 сем\СП\Lab3\ProjecTask\ProjecTask.cpp(292,31): warning C4244: инициализация: преобразование "float" в "LONG", возможна потеря данных
D:\Учеба\5 сем\СП\Lab3\ProjecTask\ProjecTask.cpp(292,57): warning C4838: Преобразование из "float" в "LONG" требует сужающего преобразования.
D:\Учеба\5 сем\СП\Lab3\ProjecTask\ProjecTask.cpp(292,57): warning C4244: инициализация: преобразование "float" в "LONG", возможна потеря данных
D:\Учеба\5 сем\СП\Lab3\ProjecTask\ProjecTask.cpp(293,31): warning C4838: Преобразование из "float" в "LONG" требует сужающего преобразования.
D:\Учеба\5 сем\СП\Lab3\ProjecTask\ProjecTask.cpp(293,31): warning C4244: инициализация: преобразование "float" в "LONG", возможна потеря данных
D:\Учеба\5 сем\СП\Lab3\ProjecTask\ProjecTask.cpp(293,57): warning C4838: Преобразование из "float" в "LONG" требует сужающего преобразования.
D:\Учеба\5 сем\СП\Lab3\ProjecTask\ProjecTask.cpp(293,57): warning C4244: инициализация: преобразование "float" в "LONG", возможна потеря данных
D:\Учеба\5 сем\СП\Lab3\ProjecTask\ProjecTask.cpp(311,59): warning C4244: аргумент: преобразование "float" в "int", возможна потеря данных
D:\Учеба\5 сем\СП\Lab3\ProjecTask\ProjecTask.cpp(311,42): warning C4244: аргумент: преобразование "float" в "int", возможна потеря данных
D:\Учеба\5 сем\СП\Lab3\ProjecTask\ProjecTask.cpp(311,32): warning C4244: аргумент: преобразование "float" в "int", возможна потеря данных
D:\Учеба\5 сем\СП\Lab3\ProjecTask\ProjecTask.cpp(311,25): warning C4244: аргумент: преобразование "float" в "int", возможна потеря данных
D:\Учеба\5 сем\СП\Lab3\ProjecTask\ProjecTask.cpp(327,59): warning C4244: аргумент: преобразование "float" в "int", возможна потеря данных
D:\Учеба\5 сем\СП\Lab3\ProjecTask\ProjecTask.cpp(327,42): warning C4244: аргумент: преобразование "float" в "int", возможна потеря данных
D:\Учеба\5 сем\СП\Lab3\ProjecTask\ProjecTask.cpp(327,32): warning C4244: аргумент: преобразование "float" в "int", возможна потеря данных
D:\Учеба\5 сем\СП\Lab3\ProjecTask\ProjecTask.cpp(327,25): warning C4244: аргумент: преобразование "float" в "int", возможна потеря данных
D:\Учеба\5 сем\СП\Lab3\ProjecTask\ProjecTask.cpp(328,18): warning C4244: инициализация: преобразование "float" в "int", возможна потеря данных
D:\Учеба\5 сем\СП\Lab3\ProjecTask\ProjecTask.cpp(329,18): warning C4244: инициализация: преобразование "float" в "int", возможна потеря данных
D:\Учеба\5 сем\СП\Lab3\ProjecTask\ProjecTask.cpp(330,49): warning C4244: аргумент: преобразование "float" в "int", возможна потеря данных
D:\Учеба\5 сем\СП\Lab3\ProjecTask\ProjecTask.cpp(330,28): warning C4244: аргумент: преобразование "float" в "int", возможна потеря данных
D:\Учеба\5 сем\СП\Lab3\ProjecTask\ProjecTask.cpp(331,49): warning C4244: аргумент: преобразование "float" в "int", возможна потеря данных
D:\Учеба\5 сем\СП\Lab3\ProjecTask\ProjecTask.cpp(331,28): warning C4244: аргумент: преобразование "float" в "int", возможна потеря данных
D:\Учеба\5 сем\СП\Lab3\ProjecTask\ProjecTask.cpp(332,49): warning C4244: аргумент: преобразование "float" в "int", возможна потеря данных
D:\Учеба\5 сем\СП\Lab3\ProjecTask\ProjecTask.cpp(332,28): warning C4244: аргумент: преобразование "float" в "int", возможна потеря данных
D:\Учеба\5 сем\СП\Lab3\ProjecTask\ProjecTask.cpp(333,49): warning C4244: аргумент: преобразование "float" в "int", возможна потеря данных
D:\Учеба\5 сем\СП\Lab3\ProjecTask\ProjecTask.cpp(333,28): warning C4244: аргумент: преобразование "float" в "int", возможна потеря данных
D:\Учеба\5 сем\СП\Lab3\ProjecTask\ProjecTask.cpp(355,26): warning C4244: аргумент: преобразование "float" в "int", возможна потеря данных
D:\Учеба\5 сем\СП\Lab3\ProjecTask\ProjecTask.cpp(355,16): warning C4244: аргумент: преобразование "float" в "int", возможна потеря данных
D:\Учеба\5 сем\СП\Lab3\ProjecTask\ProjecTask.cpp(354,40): warning C4244: аргумент: преобразование "float" в "int", возможна потеря данных
D:\Учеба\5 сем\СП\Lab3\ProjecTask\ProjecTask.cpp(354,19): warning C4244: аргумент: преобразование "float" в "int", возможна потеря данных
D:\Учеба\5 сем\СП\Lab3\ProjecTask\ProjecTask.cpp(353,26): warning C4244: аргумент: преобразование "float" в "int", возможна потеря данных
D:\Учеба\5 сем\СП\Lab3\ProjecTask\ProjecTask.cpp(353,16): warning C4244: аргумент: преобразование "float" в "int", возможна потеря данных
D:\Учеба\5 сем\СП\Lab3\ProjecTask\ProjecTask.cpp(352,40): warning C4244: аргумент: преобразование "float" в "int", возможна потеря данных
D:\Учеба\5 сем\СП\Lab3\ProjecTask\ProjecTask.cpp(352,19): warning C4244: аргумент: преобразование "float" в "int", возможна потеря данных
D:\Учеба\5 сем\СП\Lab3\ProjecTask\ProjecTask.cpp(358,105): warning C4244: аргумент: преобразование "float" в "int", возможна потеря данных
D:\Учеба\5 сем\СП\Lab3\ProjecTask\ProjecTask.cpp(358,78): warning C4244: аргумент: преобразование "float" в "int", возможна потеря данных
D:\Учеба\5 сем\СП\Lab3\ProjecTask\ProjecTask.cpp(358,57): warning C4244: аргумент: преобразование "float" в "int", возможна потеря данных
D:\Учеба\5 сем\СП\Lab3\ProjecTask\ProjecTask.cpp(358,30): warning C4244: аргумент: преобразование "float" в "int", возможна потеря данных
D:\Учеба\5 сем\СП\Lab3\ProjecTask\ProjecTask.cpp(359,99): warning C4244: аргумент: преобразование "float" в "int", возможна потеря данных
D:\Учеба\5 сем\СП\Lab3\ProjecTask\ProjecTask.cpp(359,73): warning C4244: аргумент: преобразование "float" в "int", возможна потеря данных
D:\Учеба\5 сем\СП\Lab3\ProjecTask\ProjecTask.cpp(359,52): warning C4244: аргумент: преобразование "float" в "int", возможна потеря данных
D:\Учеба\5 сем\СП\Lab3\ProjecTask\ProjecTask.cpp(359,30): warning C4244: аргумент: преобразование "float" в "int", возможна потеря данных
D:\Учеба\5 сем\СП\Lab3\ProjecTask\ProjecTask.cpp(360,85): warning C4244: аргумент: преобразование "float" в "int", возможна потеря данных
D:\Учеба\5 сем\СП\Lab3\ProjecTask\ProjecTask.cpp(360,64): warning C4244: аргумент: преобразование "float" в "int", возможна потеря данных
D:\Учеба\5 сем\СП\Lab3\ProjecTask\ProjecTask.cpp(360,37): warning C4244: аргумент: преобразование "float" в "int", возможна потеря данных
D:\Учеба\5 сем\СП\Lab3\ProjecTask\ProjecTask.cpp(360,27): warning C4244: аргумент: преобразование "float" в "int", возможна потеря данных
D:\Учеба\5 сем\СП\Lab3\ProjecTask\ProjecTask.cpp(363,28): warning C4838: Преобразование из "float" в "LONG" требует сужающего преобразования.
D:\Учеба\5 сем\СП\Lab3\ProjecTask\ProjecTask.cpp(363,28): warning C4244: инициализация: преобразование "float" в "LONG", возможна потеря данных
D:\Учеба\5 сем\СП\Lab3\ProjecTask\ProjecTask.cpp(363,38): warning C4838: Преобразование из "float" в "LONG" требует сужающего преобразования.
D:\Учеба\5 сем\СП\Lab3\ProjecTask\ProjecTask.cpp(363,38): warning C4244: инициализация: преобразование "float" в "LONG", возможна потеря данных
D:\Учеба\5 сем\СП\Lab3\ProjecTask\ProjecTask.cpp(364,31): warning C4838: Преобразование из "float" в "LONG" требует сужающего преобразования.
D:\Учеба\5 сем\СП\Lab3\ProjecTask\ProjecTask.cpp(364,31): warning C4244: инициализация: преобразование "float" в "LONG", возможна потеря данных
D:\Учеба\5 сем\СП\Lab3\ProjecTask\ProjecTask.cpp(364,45): warning C4838: Преобразование из "float" в "LONG" требует сужающего преобразования.
D:\Учеба\5 сем\СП\Lab3\ProjecTask\ProjecTask.cpp(364,45): warning C4244: инициализация: преобразование "float" в "LONG", возможна потеря данных
D:\Учеба\5 сем\СП\Lab3\ProjecTask\ProjecTask.cpp(365,31): warning C4838: Преобразование из "float" в "LONG" требует сужающего преобразования.
D:\Учеба\5 сем\СП\Lab3\ProjecTask\ProjecTask.cpp(365,31): warning C4244: инициализация: преобразование "float" в "LONG", возможна потеря данных
D:\Учеба\5 сем\СП\Lab3\ProjecTask\ProjecTask.cpp(365,53): warning C4838: Преобразование из "float" в "LONG" требует сужающего преобразования.
D:\Учеба\5 сем\СП\Lab3\ProjecTask\ProjecTask.cpp(365,53): warning C4244: инициализация: преобразование "float" в "LONG", возможна потеря данных
D:\Учеба\5 сем\СП\Lab3\ProjecTask\ProjecTask.cpp(366,31): warning C4838: Преобразование из "float" в "LONG" требует сужающего преобразования.
D:\Учеба\5 сем\СП\Lab3\ProjecTask\ProjecTask.cpp(366,31): warning C4244: инициализация: преобразование "float" в "LONG", возможна потеря данных
D:\Учеба\5 сем\СП\Lab3\ProjecTask\ProjecTask.cpp(366,48): warning C4838: Преобразование из "float" в "LONG" требует сужающего преобразования.
D:\Учеба\5 сем\СП\Lab3\ProjecTask\ProjecTask.cpp(366,48): warning C4244: инициализация: преобразование "float" в "LONG", возможна потеря данных
D:\Учеба\5 сем\СП\Lab3\ProjecTask\ProjecTask.cpp(373,40): warning C4244: аргумент: преобразование "float" в "int", возможна потеря данных
D:\Учеба\5 сем\СП\Lab3\ProjecTask\ProjecTask.cpp(373,19): warning C4244: аргумент: преобразование "float" в "int", возможна потеря данных
D:\Учеба\5 сем\СП\Lab3\ProjecTask\ProjecTask.cpp(372,26): warning C4244: аргумент: преобразование "float" в "int", возможна потеря данных
D:\Учеба\5 сем\СП\Lab3\ProjecTask\ProjecTask.cpp(372,16): warning C4244: аргумент: преобразование "float" в "int", возможна потеря данных
D:\Учеба\5 сем\СП\Lab3\ProjecTask\ProjecTask.cpp(371,40): warning C4244: аргумент: преобразование "float" в "int", возможна потеря данных
D:\Учеба\5 сем\СП\Lab3\ProjecTask\ProjecTask.cpp(371,19): warning C4244: аргумент: преобразование "float" в "int", возможна потеря данных
D:\Учеба\5 сем\СП\Lab3\ProjecTask\ProjecTask.cpp(370,26): warning C4244: аргумент: преобразование "float" в "int", возможна потеря данных
D:\Учеба\5 сем\СП\Lab3\ProjecTask\ProjecTask.cpp(370,16): warning C4244: аргумент: преобразование "float" в "int", возможна потеря данных
  ProjecTask.vcxproj -> D:\Учеба\5 сем\СП\Lab3\Debug\ProjecTask.exe
